<?xml version="1.0" encoding="UTF-8"?>
<!-- Generated by org.testng.reporters.JUnitReportReporter -->
<testsuite hostname="SCHCPU0018" failures="0" tests="1" name="testCases.Logintestcase" time="1.305" errors="0" timestamp="2022-03-25T11:04:04 IST" skipped="0">
  <testcase classname="testCases.Logintestcase" name="Login" time="1.305"/>
  <system-out/>
</testsuite> <!-- testCases.Logintestcase -->
